2026-02-21 09:42:41 START scan 10.7.237.224-245
=== SKIP http://10.7.237.224 (no HTTP response) ===
=== SKIP http://10.7.237.225 (no HTTP response) ===
=== SCAN http://10.7.237.226 ===
===============================================================
Gobuster v3.8.2
by OJ Reeves (@TheColonial) & Christian Mehlmauer (@firefart)
===============================================================
[+] Url:                     http://10.7.237.226
[+] Method:                  GET
[+] Threads:                 20
[+] Wordlist:                /snap/seclists/current/Discovery/Web-Content/raft-medium-directories.txt
[+] Negative Status codes:   404
[+] User Agent:              gobuster/3.8.2
[+] Extensions:              js,json,xml,bak,old,html,php,txt
[+] Timeout:                 5s
===============================================================
Starting gobuster in directory enumeration mode
===============================================================
index.html           (Status: 200) [Size: 21764]
===============================================================
Finished
===============================================================
--- Résultats 10.7.237.226 ---
index.html           (Status: 200) [Size: 21764]
=== SKIP http://10.7.237.227 (no HTTP response) ===
=== SKIP http://10.7.237.228 (no HTTP response) ===
=== SCAN http://10.7.237.229 ===
===============================================================
Gobuster v3.8.2
by OJ Reeves (@TheColonial) & Christian Mehlmauer (@firefart)
===============================================================
[+] Url:                     http://10.7.237.229
[+] Method:                  GET
[+] Threads:                 20
[+] Wordlist:                /snap/seclists/current/Discovery/Web-Content/raft-medium-directories.txt
[+] Negative Status codes:   404
[+] User Agent:              gobuster/3.8.2
[+] Extensions:              json,xml,bak,old,html,php,txt,js
[+] Timeout:                 5s
===============================================================
Starting gobuster in directory enumeration mode
===============================================================
index.html           (Status: 200) [Size: 4772]
===============================================================
Finished
===============================================================
--- Résultats 10.7.237.229 ---
index.html           (Status: 200) [Size: 4772]
=== SCAN http://10.7.237.230 ===
===============================================================
Gobuster v3.8.2
by OJ Reeves (@TheColonial) & Christian Mehlmauer (@firefart)
===============================================================
[+] Url:                     http://10.7.237.230
[+] Method:                  GET
[+] Threads:                 20
[+] Wordlist:                /snap/seclists/current/Discovery/Web-Content/raft-medium-directories.txt
[+] Negative Status codes:   404
[+] User Agent:              gobuster/3.8.2
[+] Extensions:              old,html,php,txt,js,json,xml,bak
[+] Timeout:                 5s
===============================================================
Starting gobuster in directory enumeration mode
===============================================================
index.html           (Status: 200) [Size: 1210]
===============================================================
Finished
===============================================================
--- Résultats 10.7.237.230 ---
index.html           (Status: 200) [Size: 1210]
=== SKIP http://10.7.237.231 (no HTTP response) ===
=== SKIP http://10.7.237.232 (no HTTP response) ===
=== SCAN http://10.7.237.233 ===
===============================================================
Gobuster v3.8.2
by OJ Reeves (@TheColonial) & Christian Mehlmauer (@firefart)
===============================================================
[+] Url:                     http://10.7.237.233
[+] Method:                  GET
[+] Threads:                 20
[+] Wordlist:                /snap/seclists/current/Discovery/Web-Content/raft-medium-directories.txt
[+] Negative Status codes:   404
[+] User Agent:              gobuster/3.8.2
[+] Extensions:              txt,js,json,xml,bak,old,html,php
[+] Timeout:                 5s
===============================================================
Starting gobuster in directory enumeration mode
===============================================================
script.js            (Status: 200) [Size: 6194]
index.html           (Status: 200) [Size: 14394]
===============================================================
Finished
===============================================================
--- Résultats 10.7.237.233 ---
script.js            (Status: 200) [Size: 6194]
index.html           (Status: 200) [Size: 14394]
=== SCAN http://10.7.237.234 ===
===============================================================
Gobuster v3.8.2
by OJ Reeves (@TheColonial) & Christian Mehlmauer (@firefart)
===============================================================
[+] Url:                     http://10.7.237.234
[+] Method:                  GET
[+] Threads:                 20
[+] Wordlist:                /snap/seclists/current/Discovery/Web-Content/raft-medium-directories.txt
[+] Negative Status codes:   404
[+] User Agent:              gobuster/3.8.2
[+] Extensions:              php,txt,js,json,xml,bak,old,html
[+] Timeout:                 5s
===============================================================
Starting gobuster in directory enumeration mode
===============================================================
index.html           (Status: 200) [Size: 16012]
===============================================================
Finished
===============================================================
--- Résultats 10.7.237.234 ---
index.html           (Status: 200) [Size: 16012]
=== SKIP http://10.7.237.235 (no HTTP response) ===
=== SCAN http://10.7.237.236 ===
===============================================================
Gobuster v3.8.2
by OJ Reeves (@TheColonial) & Christian Mehlmauer (@firefart)
===============================================================
[+] Url:                     http://10.7.237.236
[+] Method:                  GET
[+] Threads:                 20
[+] Wordlist:                /snap/seclists/current/Discovery/Web-Content/raft-medium-directories.txt
[+] Negative Status codes:   404
[+] User Agent:              gobuster/3.8.2
[+] Extensions:              old,html,php,txt,js,json,xml,bak
[+] Timeout:                 5s
===============================================================
Starting gobuster in directory enumeration mode
===============================================================
index.html           (Status: 200) [Size: 3469]
===============================================================
Finished
===============================================================
--- Résultats 10.7.237.236 ---
index.html           (Status: 200) [Size: 3469]
=== SCAN http://10.7.237.237 ===
===============================================================
Gobuster v3.8.2
by OJ Reeves (@TheColonial) & Christian Mehlmauer (@firefart)
===============================================================
[+] Url:                     http://10.7.237.237
[+] Method:                  GET
[+] Threads:                 20
[+] Wordlist:                /snap/seclists/current/Discovery/Web-Content/raft-medium-directories.txt
[+] Negative Status codes:   404
[+] User Agent:              gobuster/3.8.2
[+] Extensions:              txt,js,json,xml,bak,old,html,php
[+] Timeout:                 5s
===============================================================
Starting gobuster in directory enumeration mode
===============================================================
===============================================================
Finished
===============================================================
--- Résultats 10.7.237.237 ---
(aucun résultat)
=== SCAN http://10.7.237.238 ===
===============================================================
Gobuster v3.8.2
by OJ Reeves (@TheColonial) & Christian Mehlmauer (@firefart)
===============================================================
[+] Url:                     http://10.7.237.238
[+] Method:                  GET
[+] Threads:                 20
[+] Wordlist:                /snap/seclists/current/Discovery/Web-Content/raft-medium-directories.txt
[+] Negative Status codes:   404
[+] User Agent:              gobuster/3.8.2
[+] Extensions:              txt,js,json,xml,bak,old,html,php
[+] Timeout:                 5s
===============================================================
Starting gobuster in directory enumeration mode
===============================================================
index.html           (Status: 200) [Size: 26980]
===============================================================
Finished
===============================================================
--- Résultats 10.7.237.238 ---
index.html           (Status: 200) [Size: 26980]
=== SKIP http://10.7.237.239 (no HTTP response) ===
=== SCAN http://10.7.237.240 ===
===============================================================
Gobuster v3.8.2
by OJ Reeves (@TheColonial) & Christian Mehlmauer (@firefart)
===============================================================
[+] Url:                     http://10.7.237.240
[+] Method:                  GET
[+] Threads:                 20
[+] Wordlist:                /snap/seclists/current/Discovery/Web-Content/raft-medium-directories.txt
[+] Negative Status codes:   404
[+] User Agent:              gobuster/3.8.2
[+] Extensions:              json,xml,bak,old,html,php,txt,js
[+] Timeout:                 5s
===============================================================
Starting gobuster in directory enumeration mode
===============================================================
index.html           (Status: 200) [Size: 19139]
===============================================================
Finished
===============================================================
--- Résultats 10.7.237.240 ---
index.html           (Status: 200) [Size: 19139]
=== SKIP http://10.7.237.241 (no HTTP response) ===
=== SCAN http://10.7.237.242 ===
===============================================================
Gobuster v3.8.2
by OJ Reeves (@TheColonial) & Christian Mehlmauer (@firefart)
===============================================================
[+] Url:                     http://10.7.237.242
[+] Method:                  GET
[+] Threads:                 20
[+] Wordlist:                /snap/seclists/current/Discovery/Web-Content/raft-medium-directories.txt
[+] Negative Status codes:   404
[+] User Agent:              gobuster/3.8.2
[+] Extensions:              old,html,php,txt,js,json,xml,bak
[+] Timeout:                 5s
===============================================================
Starting gobuster in directory enumeration mode
===============================================================
index.html           (Status: 200) [Size: 3040]
===============================================================
Finished
===============================================================
--- Résultats 10.7.237.242 ---
index.html           (Status: 200) [Size: 3040]
=== SKIP http://10.7.237.243 (no HTTP response) ===
=== SKIP http://10.7.237.244 (no HTTP response) ===
=== SKIP http://10.7.237.245 (no HTTP response) ===
2026-02-21 09:48:24 END
